<?xml version="1.0" encoding="UTF-8"?>
<!-- Generated by org.testng.reporters.JUnitXMLReporter -->
<testsuite hostname="DESKTOP-KVV1592" ignored="1" name="All Test Case" tests="16" failures="3" timestamp="23 Jan 2019 17:36:12 GMT" time="0.129" errors="0">
  <testcase name="Smokedemo1" time="0.006" classname="testNG.TestNG"/>
  <testcase name="demo" time="0.005" classname="testNG.TestNG">
    <failure type="java.lang.AssertionError" message="expected [true] but found [false]">
      <![CDATA[java.lang.AssertionError: expected [true] but found [false]
at testNG.TestNG.demo(TestNG.java:54)
... Removed 29 stack frames]]>
    </failure>
  </testcase> <!-- demo -->
  <testcase name="demo1" time="0.003" classname="testNG.TestNG"/>
  <testcase name="personalLoan" time="0.004" classname="testNG.TestNG_2">
    <failure type="java.lang.AssertionError" message="expected [true] but found [false]">
      <![CDATA[java.lang.AssertionError: expected [true] but found [false]
at testNG.TestNG_2.personalLoan(TestNG_2.java:23)
... Removed 29 stack frames]]>
    </failure>
  </testcase> <!-- personalLoan -->
  <testcase name="smokePersonalLoan" time="0.002" classname="testNG.TestNG_2"/>
  <testcase name="APICarLoan" time="0.005" classname="testNG.TestNG_3"/>
  <testcase name="MobileCarLoan" time="0.002" classname="testNG.TestNG_3"/>
  <testcase name="MobileCarLoanLogin" time="0.001" classname="testNG.TestNG_3"/>
  <testcase name="SmokeAPICarLoan" time="0.004" classname="testNG.TestNG_3"/>
  <testcase name="WebCarLoan" time="0.003" classname="testNG.TestNG_3">
    <failure type="java.lang.AssertionError" message="expected [true] but found [false]">
      <![CDATA[java.lang.AssertionError: expected [true] but found [false]
at testNG.TestNG_3.WebCarLoan(TestNG_3.java:25)
... Removed 29 stack frames]]>
    </failure>
  </testcase> <!-- WebCarLoan -->
  <testcase name="WebBikeLoan" time="0.01" classname="testNG.TestNG_4"/>
  <testcase name="AccountOpening" time="0.001" classname="testNG.TestNG_5"/>
  <testcase name="AccountOpening" time="0.001" classname="testNG.TestNG_5"/>
  <testcase name="AccountOpening" time="0.001" classname="testNG.TestNG_5"/>
  <testcase name="AccountOpening" time="0.001" classname="testNG.TestNG_5"/>
  <testcase name="AccountOpening" time="0.002" classname="testNG.TestNG_5"/>
  <testcase name="MobileBikeLoan" time="0.0" classname="testNG.TestNG_4">
    <ignored/>
  </testcase> <!-- MobileBikeLoan -->
</testsuite> <!-- All Test Case -->
