<html>
<head>
<title>TestNG:  All Test Case</title>
<link href="../testng.css" rel="stylesheet" type="text/css" />
<link href="../my-testng.css" rel="stylesheet" type="text/css" />

<style type="text/css">
.log { display: none;} 
.stack-trace { display: none;} 
</style>
<script type="text/javascript">
<!--
function flip(e) {
  current = e.style.display;
  if (current == 'block') {
    e.style.display = 'none';
    return 0;
  }
  else {
    e.style.display = 'block';
    return 1;
  }
}

function toggleBox(szDivId, elem, msg1, msg2)
{
  var res = -1;  if (document.getElementById) {
    res = flip(document.getElementById(szDivId));
  }
  else if (document.all) {
    // this is the way old msie versions work
    res = flip(document.all[szDivId]);
  }
  if(elem) {
    if(res == 0) elem.innerHTML = msg1; else elem.innerHTML = msg2;
  }

}

function toggleAllBoxes() {
  if (document.getElementsByTagName) {
    d = document.getElementsByTagName('div');
    for (i = 0; i < d.length; i++) {
      if (d[i].className == 'log') {
        flip(d[i]);
      }
    }
  }
}

// -->
</script>

</head>
<body>
<h2 align='center'>All Test Case</h2><table border='1' align="center">
<tr>
<td>Tests passed/Failed/Skipped:</td><td>13/3/0</td>
</tr><tr>
<td>Started on:</td><td>Wed Jan 23 23:06:11 IST 2019</td>
</tr>
<tr><td>Total time:</td><td>0 seconds (129 ms)</td>
</tr><tr>
<td>Included groups:</td><td></td>
</tr><tr>
<td>Excluded groups:</td><td></td>
</tr>
</table><p/>
<small><i>(Hover the method name to see the test class name)</i></small><p/>
<table width='100%' border='1' class='invocation-failed'>
<tr><td colspan='4' align='center'><b>FAILED TESTS</b></td></tr>
<tr><td><b>Test method</b></td>
<td width="30%"><b>Exception</b></td>
<td width="10%"><b>Time (seconds)</b></td>
<td><b>Instance</b></td>
</tr>
<tr>
<td title='testNG.TestNG_3.WebCarLoan()'><b>WebCarLoan</b><br>Test class: testNG.TestNG_3</td>
<td><div><pre>java.lang.AssertionError: expected [true] but found [false]
	at testNG.TestNG_3.WebCarLoan(TestNG_3.java:25)
... Removed 29 stack frames</pre></div><a href='#' onClick='toggleBox("stack-trace2124046270", this, "Click to show all stack frames", "Click to hide stack frames")'>Click to show all stack frames</a>
<div class='stack-trace' id='stack-trace2124046270'><pre>java.lang.AssertionError: expected [true] but found [false]
	at org.testng.Assert.fail(Assert.java:96)
	at org.testng.Assert.failNotEquals(Assert.java:776)
	at org.testng.Assert.assertTrue(Assert.java:44)
	at org.testng.Assert.assertTrue(Assert.java:54)
	at testNG.TestNG_3.WebCarLoan(TestNG_3.java:25)
	at sun.reflect.NativeMethodAccessorImpl.invoke0(Native Method)
	at sun.reflect.NativeMethodAccessorImpl.invoke(NativeMethodAccessorImpl.java:62)
	at sun.reflect.DelegatingMethodAccessorImpl.invoke(DelegatingMethodAccessorImpl.java:43)
	at java.lang.reflect.Method.invoke(Method.java:498)
	at org.testng.internal.MethodInvocationHelper.invokeMethod(MethodInvocationHelper.java:124)
	at org.testng.internal.Invoker.invokeMethod(Invoker.java:580)
	at org.testng.internal.Invoker.invokeTestMethod(Invoker.java:716)
	at org.testng.internal.Invoker.invokeTestMethods(Invoker.java:988)
	at org.testng.internal.TestMethodWorker.invokeTestMethods(TestMethodWorker.java:125)
	at org.testng.internal.TestMethodWorker.run(TestMethodWorker.java:109)
	at org.testng.TestRunner.privateRun(TestRunner.java:648)
	at org.testng.TestRunner.run(TestRunner.java:505)
	at org.testng.SuiteRunner.runTest(SuiteRunner.java:455)
	at org.testng.SuiteRunner.runSequentially(SuiteRunner.java:450)
	at org.testng.SuiteRunner.privateRun(SuiteRunner.java:415)
	at org.testng.SuiteRunner.run(SuiteRunner.java:364)
	at org.testng.SuiteRunnerWorker.runSuite(SuiteRunnerWorker.java:52)
	at org.testng.SuiteRunnerWorker.run(SuiteRunnerWorker.java:84)
	at org.testng.TestNG.runSuitesSequentially(TestNG.java:1208)
	at org.testng.TestNG.runSuitesLocally(TestNG.java:1137)
	at org.testng.TestNG.runSuites(TestNG.java:1049)
	at org.testng.TestNG.run(TestNG.java:1017)
	at org.testng.remote.AbstractRemoteTestNG.run(AbstractRemoteTestNG.java:114)
	at org.testng.remote.RemoteTestNG.initAndRun(RemoteTestNG.java:251)
	at org.testng.remote.RemoteTestNG.main(RemoteTestNG.java:77)
</pre></div></td>
<td>0</td>
<td>testNG.TestNG_3@34cd072c</td></tr>
<tr>
<td title='testNG.TestNG.demo()'><b>demo</b><br>Test class: testNG.TestNG</td>
<td><div><pre>java.lang.AssertionError: expected [true] but found [false]
	at testNG.TestNG.demo(TestNG.java:54)
... Removed 29 stack frames</pre></div><a href='#' onClick='toggleBox("stack-trace188576144", this, "Click to show all stack frames", "Click to hide stack frames")'>Click to show all stack frames</a>
<div class='stack-trace' id='stack-trace188576144'><pre>java.lang.AssertionError: expected [true] but found [false]
	at org.testng.Assert.fail(Assert.java:96)
	at org.testng.Assert.failNotEquals(Assert.java:776)
	at org.testng.Assert.assertTrue(Assert.java:44)
	at org.testng.Assert.assertTrue(Assert.java:54)
	at testNG.TestNG.demo(TestNG.java:54)
	at sun.reflect.NativeMethodAccessorImpl.invoke0(Native Method)
	at sun.reflect.NativeMethodAccessorImpl.invoke(NativeMethodAccessorImpl.java:62)
	at sun.reflect.DelegatingMethodAccessorImpl.invoke(DelegatingMethodAccessorImpl.java:43)
	at java.lang.reflect.Method.invoke(Method.java:498)
	at org.testng.internal.MethodInvocationHelper.invokeMethod(MethodInvocationHelper.java:124)
	at org.testng.internal.Invoker.invokeMethod(Invoker.java:580)
	at org.testng.internal.Invoker.invokeTestMethod(Invoker.java:716)
	at org.testng.internal.Invoker.invokeTestMethods(Invoker.java:988)
	at org.testng.internal.TestMethodWorker.invokeTestMethods(TestMethodWorker.java:125)
	at org.testng.internal.TestMethodWorker.run(TestMethodWorker.java:109)
	at org.testng.TestRunner.privateRun(TestRunner.java:648)
	at org.testng.TestRunner.run(TestRunner.java:505)
	at org.testng.SuiteRunner.runTest(SuiteRunner.java:455)
	at org.testng.SuiteRunner.runSequentially(SuiteRunner.java:450)
	at org.testng.SuiteRunner.privateRun(SuiteRunner.java:415)
	at org.testng.SuiteRunner.run(SuiteRunner.java:364)
	at org.testng.SuiteRunnerWorker.runSuite(SuiteRunnerWorker.java:52)
	at org.testng.SuiteRunnerWorker.run(SuiteRunnerWorker.java:84)
	at org.testng.TestNG.runSuitesSequentially(TestNG.java:1208)
	at org.testng.TestNG.runSuitesLocally(TestNG.java:1137)
	at org.testng.TestNG.runSuites(TestNG.java:1049)
	at org.testng.TestNG.run(TestNG.java:1017)
	at org.testng.remote.AbstractRemoteTestNG.run(AbstractRemoteTestNG.java:114)
	at org.testng.remote.RemoteTestNG.initAndRun(RemoteTestNG.java:251)
	at org.testng.remote.RemoteTestNG.main(RemoteTestNG.java:77)
</pre></div></td>
<td>0</td>
<td>testNG.TestNG@7a1ebcd8</td></tr>
<tr>
<td title='testNG.TestNG_2.personalLoan()'><b>personalLoan</b><br>Test class: testNG.TestNG_2</td>
<td><div><pre>java.lang.AssertionError: expected [true] but found [false]
	at testNG.TestNG_2.personalLoan(TestNG_2.java:23)
... Removed 29 stack frames</pre></div><a href='#' onClick='toggleBox("stack-trace520232556", this, "Click to show all stack frames", "Click to hide stack frames")'>Click to show all stack frames</a>
<div class='stack-trace' id='stack-trace520232556'><pre>java.lang.AssertionError: expected [true] but found [false]
	at org.testng.Assert.fail(Assert.java:96)
	at org.testng.Assert.failNotEquals(Assert.java:776)
	at org.testng.Assert.assertTrue(Assert.java:44)
	at org.testng.Assert.assertTrue(Assert.java:54)
	at testNG.TestNG_2.personalLoan(TestNG_2.java:23)
	at sun.reflect.NativeMethodAccessorImpl.invoke0(Native Method)
	at sun.reflect.NativeMethodAccessorImpl.invoke(NativeMethodAccessorImpl.java:62)
	at sun.reflect.DelegatingMethodAccessorImpl.invoke(DelegatingMethodAccessorImpl.java:43)
	at java.lang.reflect.Method.invoke(Method.java:498)
	at org.testng.internal.MethodInvocationHelper.invokeMethod(MethodInvocationHelper.java:124)
	at org.testng.internal.Invoker.invokeMethod(Invoker.java:580)
	at org.testng.internal.Invoker.invokeTestMethod(Invoker.java:716)
	at org.testng.internal.Invoker.invokeTestMethods(Invoker.java:988)
	at org.testng.internal.TestMethodWorker.invokeTestMethods(TestMethodWorker.java:125)
	at org.testng.internal.TestMethodWorker.run(TestMethodWorker.java:109)
	at org.testng.TestRunner.privateRun(TestRunner.java:648)
	at org.testng.TestRunner.run(TestRunner.java:505)
	at org.testng.SuiteRunner.runTest(SuiteRunner.java:455)
	at org.testng.SuiteRunner.runSequentially(SuiteRunner.java:450)
	at org.testng.SuiteRunner.privateRun(SuiteRunner.java:415)
	at org.testng.SuiteRunner.run(SuiteRunner.java:364)
	at org.testng.SuiteRunnerWorker.runSuite(SuiteRunnerWorker.java:52)
	at org.testng.SuiteRunnerWorker.run(SuiteRunnerWorker.java:84)
	at org.testng.TestNG.runSuitesSequentially(TestNG.java:1208)
	at org.testng.TestNG.runSuitesLocally(TestNG.java:1137)
	at org.testng.TestNG.runSuites(TestNG.java:1049)
	at org.testng.TestNG.run(TestNG.java:1017)
	at org.testng.remote.AbstractRemoteTestNG.run(AbstractRemoteTestNG.java:114)
	at org.testng.remote.RemoteTestNG.initAndRun(RemoteTestNG.java:251)
	at org.testng.remote.RemoteTestNG.main(RemoteTestNG.java:77)
</pre></div></td>
<td>0</td>
<td>testNG.TestNG_2@5faeada1</td></tr>
</table><p>
<table width='100%' border='1' class='invocation-passed'>
<tr><td colspan='4' align='center'><b>PASSED TESTS</b></td></tr>
<tr><td><b>Test method</b></td>
<td width="30%"><b>Exception</b></td>
<td width="10%"><b>Time (seconds)</b></td>
<td><b>Instance</b></td>
</tr>
<tr>
<td title='testNG.TestNG_3.APICarLoan()'><b>APICarLoan</b><br>Test class: testNG.TestNG_3</td>
<td></td>
<td>0</td>
<td>testNG.TestNG_3@34cd072c</td></tr>
<tr>
<td title='testNG.TestNG_5.AccountOpening()'><b>AccountOpening</b><br>Test class: testNG.TestNG_5</td>
<td></td>
<td>0</td>
<td>testNG.TestNG_5@ea1a8d5</td></tr>
<tr>
<td title='testNG.TestNG_5.AccountOpening()'><b>AccountOpening</b><br>Test class: testNG.TestNG_5</td>
<td></td>
<td>0</td>
<td>testNG.TestNG_5@ea1a8d5</td></tr>
<tr>
<td title='testNG.TestNG_5.AccountOpening()'><b>AccountOpening</b><br>Test class: testNG.TestNG_5</td>
<td></td>
<td>0</td>
<td>testNG.TestNG_5@ea1a8d5</td></tr>
<tr>
<td title='testNG.TestNG_5.AccountOpening()'><b>AccountOpening</b><br>Test class: testNG.TestNG_5</td>
<td></td>
<td>0</td>
<td>testNG.TestNG_5@ea1a8d5</td></tr>
<tr>
<td title='testNG.TestNG_5.AccountOpening()'><b>AccountOpening</b><br>Test class: testNG.TestNG_5</td>
<td></td>
<td>0</td>
<td>testNG.TestNG_5@ea1a8d5</td></tr>
<tr>
<td title='testNG.TestNG_3.MobileCarLoan()'><b>MobileCarLoan</b><br>Test class: testNG.TestNG_3</td>
<td></td>
<td>0</td>
<td>testNG.TestNG_3@34cd072c</td></tr>
<tr>
<td title='testNG.TestNG_3.MobileCarLoanLogin()'><b>MobileCarLoanLogin</b><br>Test class: testNG.TestNG_3</td>
<td></td>
<td>0</td>
<td>testNG.TestNG_3@34cd072c</td></tr>
<tr>
<td title='testNG.TestNG_3.SmokeAPICarLoan()'><b>SmokeAPICarLoan</b><br>Test class: testNG.TestNG_3</td>
<td></td>
<td>0</td>
<td>testNG.TestNG_3@34cd072c</td></tr>
<tr>
<td title='testNG.TestNG.Smokedemo1()'><b>Smokedemo1</b><br>Test class: testNG.TestNG</td>
<td></td>
<td>0</td>
<td>testNG.TestNG@7a1ebcd8</td></tr>
<tr>
<td title='testNG.TestNG_4.WebBikeLoan()'><b>WebBikeLoan</b><br>Test class: testNG.TestNG_4</td>
<td></td>
<td>0</td>
<td>testNG.TestNG_4@528931cf</td></tr>
<tr>
<td title='testNG.TestNG.demo1()'><b>demo1</b><br>Test class: testNG.TestNG</td>
<td></td>
<td>0</td>
<td>testNG.TestNG@7a1ebcd8</td></tr>
<tr>
<td title='testNG.TestNG_2.smokePersonalLoan()'><b>smokePersonalLoan</b><br>Test class: testNG.TestNG_2</td>
<td></td>
<td>0</td>
<td>testNG.TestNG_2@5faeada1</td></tr>
</table><p>
</body>
</html>